[12:00:06] [ServerMain/INFO]: Environment: Environment[sessionHost=https://sessionserver.mojang.com, servicesHost=https://api.minecraftservices.com, name=PROD]
[12:00:06] [ServerMain/INFO]: Found new data pack file/bukkit, loading it automatically
[12:00:08] [ServerMain/INFO]: No existing world data, creating new world
[12:00:12] [ServerMain/INFO]: Loaded 1290 recipes
[12:00:14] [Server thread/INFO]: Starting minecraft server version 1.21
[12:00:14] [Server thread/INFO]: Loading properties
[12:00:14] [Server thread/INFO]: This server is running CraftBukkit version 4287-Spigot-fb8fb72-759061b (MC: 1.21) (Implementing API version 1.21-R0.1-SNAPSHOT)
[12:00:15] [Server thread/INFO]: *** This version of Spigot contains changes to some enums. If you notice that plugins no longer work after updating, please report this to the developers of those plugins first. ***
[12:00:15] [Server thread/INFO]: *** If you cannot update those plugins, you can try setting `settings.compatibility.enum-compatibility-mode` to `true` in `bukkit.yml`. ***
[12:00:15] [Server thread/INFO]: Debug logging is disabled
[12:00:15] [Server thread/INFO]: Server Ping Player Sample Count: 12
[12:00:15] [Server thread/INFO]: Using 4 threads for Netty based IO
[12:00:15] [Server thread/INFO]: Default game type: SURVIVAL
[12:00:15] [Server thread/INFO]: Generating keypair
[12:00:16] [Server thread/INFO]: Starting Minecraft server on *:25565
[12:00:16] [Server thread/INFO]: Using default channel type
[12:00:16] [Server thread/INFO]: [lastpiece] Loading lastpiece v0.0-Alpha
[12:00:16] [Server thread/INFO]: Preparing level "world"
[12:00:16] [Server thread/INFO]: -------- World Settings For [world] --------
[12:00:16] [Server thread/INFO]: Item Merge Radius: 2.5
[12:00:16] [Server thread/INFO]: Allow Zombie Pigmen to spawn from portal blocks: true
[12:00:16] [Server thread/INFO]: Zombie Aggressive Towards Villager: true
[12:00:16] [Server thread/INFO]: Mob Spawn Range: 6
[12:00:16] [Server thread/INFO]: Simulation Distance: 10
[12:00:16] [Server thread/INFO]: View Distance: 10
[12:00:16] [Server thread/INFO]: Item Despawn Rate: 6000
[12:00:16] [Server thread/INFO]: Arrow Despawn Rate: 1200 Trident Respawn Rate:1200
[12:00:16] [Server thread/INFO]: Nerfing mobs spawned from spawners: false
[12:00:16] [Server thread/INFO]: Custom Map Seeds:  Village: 10387312 Desert: 14357617 Igloo: 14357618 Jungle: 14357619 Swamp: 14357620 Monument: 10387313 Ocean: 14357621 Shipwreck: 165745295 End City: 10387313 Slime: 987234911 Nether: 30084232 Mansion: 10387319 Fossil: 14357921 Portal: 34222645
[12:00:16] [Server thread/INFO]: Cactus Growth Modifier: 100%
[12:00:16] [Server thread/INFO]: Cane Growth Modifier: 100%
[12:00:16] [Server thread/INFO]: Melon Growth Modifier: 100%
[12:00:16] [Server thread/INFO]: Mushroom Growth Modifier: 100%
[12:00:16] [Server thread/INFO]: Pumpkin Growth Modifier: 100%
[12:00:16] [Server thread/INFO]: Sapling Growth Modifier: 100%
[12:00:16] [Server thread/INFO]: Beetroot Growth Modifier: 100%
[12:00:16] [Server thread/INFO]: Carrot Growth Modifier: 100%
[12:00:16] [Server thread/INFO]: Potato Growth Modifier: 100%
[12:00:16] [Server thread/INFO]: Wheat Growth Modifier: 100%
[12:00:16] [Server thread/INFO]: NetherWart Growth Modifier: 100%
[12:00:16] [Server thread/INFO]: Vine Growth Modifier: 100%
[12:00:16] [Server thread/INFO]: Cocoa Growth Modifier: 100%
[12:00:16] [Server thread/INFO]: Bamboo Growth Modifier: 100%
[12:00:16] [Server thread/INFO]: SweetBerry Growth Modifier: 100%
[12:00:16] [Server thread/INFO]: Kelp Growth Modifier: 100%
[12:00:16] [Server thread/INFO]: TwistingVines Growth Modifier: 100%
[12:00:16] [Server thread/INFO]: WeepingVines Growth Modifier: 100%
[12:00:16] [Server thread/INFO]: CaveVines Growth Modifier: 100%
[12:00:16] [Server thread/INFO]: Tile Max Tick Time: 50ms Entity max Tick Time: 50ms
[12:00:16] [Server thread/INFO]: Entity Tracking Range: Pl 48 / An 48 / Mo 48 / Mi 32 / Di 128 / Other 64
[12:00:16] [Server thread/INFO]: Entity Activation Range: An 32 / Mo 32 / Ra 48 / Mi 16 / Tiv true / Isa false
[12:00:16] [Server thread/INFO]: Max TNT Explosions: 100
[12:00:16] [Server thread/INFO]: Hopper Transfer: 8 Hopper Check: 1 Hopper Amount: 1 Hopper Can Load Chunks: false
[12:00:16] [Server thread/INFO]: Experience Merge Radius: 3.0
[12:00:23] [Server thread/INFO]: -------- World Settings For [world_nether] --------
[12:00:23] [Server thread/INFO]: Item Merge Radius: 2.5
[12:00:23] [Server thread/INFO]: Allow Zombie Pigmen to spawn from portal blocks: true
[12:00:23] [Server thread/INFO]: Zombie Aggressive Towards Villager: true
[12:00:23] [Server thread/INFO]: Mob Spawn Range: 6
[12:00:23] [Server thread/INFO]: Simulation Distance: 10
[12:00:23] [Server thread/INFO]: View Distance: 10
[12:00:23] [Server thread/INFO]: Item Despawn Rate: 6000
[12:00:23] [Server thread/INFO]: Arrow Despawn Rate: 1200 Trident Respawn Rate:1200
[12:00:23] [Server thread/INFO]: Nerfing mobs spawned from spawners: false
[12:00:23] [Server thread/INFO]: Custom Map Seeds:  Village: 10387312 Desert: 14357617 Igloo: 14357618 Jungle: 14357619 Swamp: 14357620 Monument: 10387313 Ocean: 14357621 Shipwreck: 165745295 End City: 10387313 Slime: 987234911 Nether: 30084232 Mansion: 10387319 Fossil: 14357921 Portal: 34222645
[12:00:23] [Server thread/INFO]: Cactus Growth Modifier: 100%
[12:00:23] [Server thread/INFO]: Cane Growth Modifier: 100%
[12:00:23] [Server thread/INFO]: Melon Growth Modifier: 100%
[12:00:23] [Server thread/INFO]: Mushroom Growth Modifier: 100%
[12:00:23] [Server thread/INFO]: Pumpkin Growth Modifier: 100%
[12:00:23] [Server thread/INFO]: Sapling Growth Modifier: 100%
[12:00:23] [Server thread/INFO]: Beetroot Growth Modifier: 100%
[12:00:23] [Server thread/INFO]: Carrot Growth Modifier: 100%
[12:00:23] [Server thread/INFO]: Potato Growth Modifier: 100%
[12:00:23] [Server thread/INFO]: Wheat Growth Modifier: 100%
[12:00:23] [Server thread/INFO]: NetherWart Growth Modifier: 100%
[12:00:23] [Server thread/INFO]: Vine Growth Modifier: 100%
[12:00:23] [Server thread/INFO]: Cocoa Growth Modifier: 100%
[12:00:23] [Server thread/INFO]: Bamboo Growth Modifier: 100%
[12:00:23] [Server thread/INFO]: SweetBerry Growth Modifier: 100%
[12:00:23] [Server thread/INFO]: Kelp Growth Modifier: 100%
[12:00:23] [Server thread/INFO]: TwistingVines Growth Modifier: 100%
[12:00:23] [Server thread/INFO]: WeepingVines Growth Modifier: 100%
[12:00:23] [Server thread/INFO]: CaveVines Growth Modifier: 100%
[12:00:23] [Server thread/INFO]: Tile Max Tick Time: 50ms Entity max Tick Time: 50ms
[12:00:23] [Server thread/INFO]: Entity Tracking Range: Pl 48 / An 48 / Mo 48 / Mi 32 / Di 128 / Other 64
[12:00:23] [Server thread/INFO]: Entity Activation Range: An 32 / Mo 32 / Ra 48 / Mi 16 / Tiv true / Isa false
[12:00:23] [Server thread/INFO]: Max TNT Explosions: 100
[12:00:23] [Server thread/INFO]: Hopper Transfer: 8 Hopper Check: 1 Hopper Amount: 1 Hopper Can Load Chunks: false
[12:00:23] [Server thread/INFO]: Experience Merge Radius: 3.0
[12:00:23] [Server thread/INFO]: -------- World Settings For [world_the_end] --------
[12:00:23] [Server thread/INFO]: Item Merge Radius: 2.5
[12:00:23] [Server thread/INFO]: Allow Zombie Pigmen to spawn from portal blocks: true
[12:00:23] [Server thread/INFO]: Zombie Aggressive Towards Villager: true
[12:00:23] [Server thread/INFO]: Mob Spawn Range: 6
[12:00:23] [Server thread/INFO]: Simulation Distance: 10
[12:00:23] [Server thread/INFO]: View Distance: 10
[12:00:23] [Server thread/INFO]: Item Despawn Rate: 6000
[12:00:23] [Server thread/INFO]: Arrow Despawn Rate: 1200 Trident Respawn Rate:1200
[12:00:23] [Server thread/INFO]: Nerfing mobs spawned from spawners: false
[12:00:23] [Server thread/INFO]: Custom Map Seeds:  Village: 10387312 Desert: 14357617 Igloo: 14357618 Jungle: 14357619 Swamp: 14357620 Monument: 10387313 Ocean: 14357621 Shipwreck: 165745295 End City: 10387313 Slime: 987234911 Nether: 30084232 Mansion: 10387319 Fossil: 14357921 Portal: 34222645
[12:00:23] [Server thread/INFO]: Cactus Growth Modifier: 100%
[12:00:23] [Server thread/INFO]: Cane Growth Modifier: 100%
[12:00:23] [Server thread/INFO]: Melon Growth Modifier: 100%
[12:00:23] [Server thread/INFO]: Mushroom Growth Modifier: 100%
[12:00:23] [Server thread/INFO]: Pumpkin Growth Modifier: 100%
[12:00:23] [Server thread/INFO]: Sapling Growth Modifier: 100%
[12:00:23] [Server thread/INFO]: Beetroot Growth Modifier: 100%
[12:00:23] [Server thread/INFO]: Carrot Growth Modifier: 100%
[12:00:23] [Server thread/INFO]: Potato Growth Modifier: 100%
[12:00:23] [Server thread/INFO]: Wheat Growth Modifier: 100%
[12:00:23] [Server thread/INFO]: NetherWart Growth Modifier: 100%
[12:00:23] [Server thread/INFO]: Vine Growth Modifier: 100%
[12:00:23] [Server thread/INFO]: Cocoa Growth Modifier: 100%
[12:00:23] [Server thread/INFO]: Bamboo Growth Modifier: 100%
[12:00:23] [Server thread/INFO]: SweetBerry Growth Modifier: 100%
[12:00:23] [Server thread/INFO]: Kelp Growth Modifier: 100%
[12:00:23] [Server thread/INFO]: TwistingVines Growth Modifier: 100%
[12:00:23] [Server thread/INFO]: WeepingVines Growth Modifier: 100%
[12:00:23] [Server thread/INFO]: CaveVines Growth Modifier: 100%
[12:00:23] [Server thread/INFO]: Tile Max Tick Time: 50ms Entity max Tick Time: 50ms
[12:00:23] [Server thread/INFO]: Entity Tracking Range: Pl 48 / An 48 / Mo 48 / Mi 32 / Di 128 / Other 64
[12:00:23] [Server thread/INFO]: Entity Activation Range: An 32 / Mo 32 / Ra 48 / Mi 16 / Tiv true / Isa false
[12:00:23] [Server thread/INFO]: Max TNT Explosions: 100
[12:00:23] [Server thread/INFO]: Hopper Transfer: 8 Hopper Check: 1 Hopper Amount: 1 Hopper Can Load Chunks: false
[12:00:23] [Server thread/INFO]: Experience Merge Radius: 3.0
[12:00:23] [Server thread/INFO]: Preparing start region for dimension minecraft:overworld
[12:00:23] [Worker-Main-1/INFO]: Preparing spawn area: 2%
[12:00:24] [Worker-Main-2/INFO]: Preparing spawn area: 2%
[12:00:24] [Worker-Main-6/INFO]: Preparing spawn area: 2%
[12:00:25] [Worker-Main-6/INFO]: Preparing spawn area: 2%
[12:00:25] [Worker-Main-6/INFO]: Preparing spawn area: 2%
[12:00:26] [Worker-Main-6/INFO]: Preparing spawn area: 2%
[12:00:26] [Worker-Main-7/INFO]: Preparing spawn area: 10%
[12:00:27] [Worker-Main-3/INFO]: Preparing spawn area: 18%
[12:00:27] [Worker-Main-7/INFO]: Preparing spawn area: 18%
[12:00:28] [Worker-Main-4/INFO]: Preparing spawn area: 18%
[12:00:28] [Worker-Main-5/INFO]: Preparing spawn area: 18%
[12:00:29] [Worker-Main-3/INFO]: Preparing spawn area: 18%
[12:00:29] [Worker-Main-7/INFO]: Preparing spawn area: 51%
[12:00:30] [Worker-Main-1/INFO]: Preparing spawn area: 51%
[12:00:30] [Worker-Main-6/INFO]: Preparing spawn area: 51%
[12:00:31] [Worker-Main-1/INFO]: Preparing spawn area: 51%
[12:00:31] [Worker-Main-5/INFO]: Preparing spawn area: 51%
[12:00:32] [Worker-Main-6/INFO]: Preparing spawn area: 63%
[12:00:32] [Server thread/INFO]: Time elapsed: 8907 ms
[12:00:32] [Server thread/INFO]: Preparing start region for dimension minecraft:the_nether
[12:00:32] [Worker-Main-1/INFO]: Preparing spawn area: 2%
[12:00:33] [Worker-Main-4/INFO]: Preparing spawn area: 51%
[12:00:33] [Worker-Main-1/INFO]: Preparing spawn area: 51%
[12:00:34] [Worker-Main-4/INFO]: Preparing spawn area: 51%
[12:00:34] [Worker-Main-2/INFO]: Preparing spawn area: 51%
[12:00:35] [Worker-Main-6/INFO]: Preparing spawn area: 51%
[12:00:35] [Worker-Main-7/INFO]: Preparing spawn area: 51%
[12:00:36] [Worker-Main-7/INFO]: Preparing spawn area: 51%
[12:00:36] [Worker-Main-7/INFO]: Preparing spawn area: 51%
[12:00:37] [Worker-Main-7/INFO]: Preparing spawn area: 51%
[12:00:37] [Worker-Main-2/INFO]: Preparing spawn area: 51%
[12:00:38] [Worker-Main-2/INFO]: Preparing spawn area: 51%
[12:00:38] [Worker-Main-6/INFO]: Preparing spawn area: 51%
[12:00:39] [Worker-Main-3/INFO]: Preparing spawn area: 51%
[12:00:39] [Worker-Main-3/INFO]: Preparing spawn area: 51%
[12:00:40] [Worker-Main-5/INFO]: Preparing spawn area: 51%
[12:00:40] [Worker-Main-2/INFO]: Preparing spawn area: 51%
[12:00:41] [Worker-Main-6/INFO]: Preparing spawn area: 51%
[12:00:41] [Worker-Main-6/INFO]: Preparing spawn area: 51%
[12:00:41] [Server thread/INFO]: Time elapsed: 9285 ms
[12:00:41] [Server thread/INFO]: Preparing start region for dimension minecraft:the_end
[12:00:42] [Worker-Main-2/INFO]: Preparing spawn area: 2%
[12:00:42] [Worker-Main-7/INFO]: Preparing spawn area: 51%
[12:00:42] [Worker-Main-5/INFO]: Preparing spawn area: 51%
[12:00:43] [Worker-Main-3/INFO]: Preparing spawn area: 51%
[12:00:43] [Server thread/INFO]: Time elapsed: 1568 ms
[12:00:43] [Server thread/INFO]: [lastpiece] Enabling lastpiece v0.0-Alpha
[12:00:43] [Server thread/INFO]: Lastpiece Plugin ON!
[12:00:43] [Server thread/INFO]: Server permissions file permissions.yml is empty, ignoring it
[12:00:43] [Server thread/INFO]: Done (26.889s)! For help, type "help"
